<?xml version="1.0" encoding="UTF-8"?>
<!-- Generated by org.testng.reporters.JUnitReportReporter -->
<testsuite hostname="LAPTOP-LBV6CGVH" failures="0" tests="6" name="com.testng.testannotation.BankingApplication" time="0.077" errors="0" timestamp="2022-10-22T10:36:50 IST" skipped="1">
  <testcase classname="com.testng.testannotation.BankingApplication" name="userLogin" time="0.028"/>
  <system-out/>
  <testcase classname="com.testng.testannotation.BankingApplication" name="checkSavingAccountBalance" time="0.009"/>
  <system-out/>
  <testcase classname="com.testng.testannotation.BankingApplication" name="checkCurrentAccoutnBalance" time="0.007"/>
  <system-out/>
  <testcase classname="com.testng.testannotation.BankingApplication" name="logout" time="0.008"/>
  <system-out/>
  <testcase classname="com.testng.testannotation.BankingApplication" name="closeApplication" time="0.025"/>
  <system-out/>
  <testcase classname="com.testng.testannotation.BankingApplication" name="launchApplication">
    <skipped/>
  </testcase> <!-- launchApplication -->
  <system-out/>
</testsuite> <!-- com.testng.testannotation.BankingApplication -->
