<?xml version="1.0" encoding="UTF-8"?>
<!-- Generated by org.testng.reporters.JUnitReportReporter -->
<testsuite hostname="LAPTOP-LBV6CGVH" failures="0" tests="5" name="com.testng.testannotation.AlphaOrder" time="0.116" errors="0" timestamp="2022-08-18T13:46:49 IST" skipped="0">
  <testcase classname="com.testng.testannotation.AlphaOrder" name="a" time="0.052"/>
  <system-out/>
  <testcase classname="com.testng.testannotation.AlphaOrder" name="f" time="0.019"/>
  <system-out/>
  <testcase classname="com.testng.testannotation.AlphaOrder" name="b" time="0.012"/>
  <system-out/>
  <testcase classname="com.testng.testannotation.AlphaOrder" name="d" time="0.025"/>
  <system-out/>
  <testcase classname="com.testng.testannotation.AlphaOrder" name="c" time="0.008"/>
  <system-out/>
</testsuite> <!-- com.testng.testannotation.AlphaOrder -->
