<?xml version="1.0" encoding="UTF-8"?>
<!-- Generated by org.testng.reporters.JUnitReportReporter -->
<testsuite hostname="LAPTOP-LBV6CGVH" failures="0" tests="4" name="com.testng.testannotation.RegisterDemo" time="0.062" errors="0" timestamp="2022-08-17T15:05:34 IST" skipped="0">
  <testcase classname="com.testng.testannotation.RegisterDemo" name="launchApplication" time="0.038"/>
  <system-out/>
  <testcase classname="com.testng.testannotation.RegisterDemo" name="navigateToRegisterDemoPage" time="0.006"/>
  <system-out/>
  <testcase classname="com.testng.testannotation.RegisterDemo" name="registerUser" time="0.011"/>
  <system-out/>
  <testcase classname="com.testng.testannotation.RegisterDemo" name="closeApplication" time="0.007"/>
  <system-out/>
</testsuite> <!-- com.testng.testannotation.RegisterDemo -->
