<?xml version="1.0" encoding="UTF-8"?>
<!-- Generated by org.testng.reporters.JUnitReportReporter -->
<testsuite hostname="LAPTOP-LBV6CGVH" failures="0" tests="1" name="com.zoho.systemtesting.Leads" time="29.680" errors="0" timestamp="2023-01-17T10:42:17 IST" skipped="0">
  <testcase classname="com.zoho.systemtesting.Leads" name="createLeads" time="29.680"/>
  <system-out>
    <![CDATA[createdLeads]]>
  </system-out>
</testsuite> <!-- com.zoho.systemtesting.Leads -->
