<?xml version="1.0" encoding="UTF-8"?>
<!-- Generated by org.testng.reporters.JUnitReportReporter -->
<testsuite hostname="LAPTOP-LBV6CGVH" failures="0" tests="1" name="com.zoho.systemtesting.Potentials" time="18.172" errors="0" timestamp="2022-11-06T18:17:38 IST" skipped="0">
  <testcase classname="com.zoho.systemtesting.Potentials" name="createLeads" time="18.172"/>
  <system-out>
    <![CDATA[createdPotentials]]>
  </system-out>
</testsuite> <!-- com.zoho.systemtesting.Potentials -->
