<?xml version="1.0" encoding="UTF-8"?>
<!-- Generated by org.testng.reporters.JUnitReportReporter -->
<testsuite hostname="LAPTOP-LBV6CGVH" failures="0" tests="1" name="com.actitime.testscriptslibrary.TaskModuleAnn" time="28.377" errors="0" timestamp="2022-10-29T15:52:32 IST" skipped="0">
  <testcase classname="com.actitime.testscriptslibrary.TaskModuleAnn" name="createTask" time="28.377"/>
  <system-out>
    <![CDATA[createTask]]>
  </system-out>
</testsuite> <!-- com.actitime.testscriptslibrary.TaskModuleAnn -->
