<?xml version="1.0" encoding="UTF-8"?>
<!-- Generated by org.testng.reporters.JUnitReportReporter -->
<testsuite hostname="LAPTOP-LBV6CGVH" failures="0" tests="1" name="com.actitime.testscriptslibrary.ProjectModuleAnn" time="32.865" errors="0" timestamp="2022-10-29T15:52:32 IST" skipped="0">
  <testcase classname="com.actitime.testscriptslibrary.ProjectModuleAnn" name="createProject" time="32.865"/>
  <system-out>
    <![CDATA[createProject]]>
  </system-out>
</testsuite> <!-- com.actitime.testscriptslibrary.ProjectModuleAnn -->
