<?xml version="1.0" encoding="UTF-8"?>
<!-- Generated by org.testng.reporters.JUnitReportReporter -->
<testsuite hostname="LAPTOP-LBV6CGVH" failures="0" tests="1" name="com.actitime.gerericlibrary.AssertionIfCondition" time="12.701" errors="0" timestamp="2022-10-22T10:10:09 IST" skipped="0">
  <testcase classname="com.actitime.gerericlibrary.AssertionIfCondition" name="verifyTitle" time="12.701"/>
  <system-out/>
</testsuite> <!-- com.actitime.gerericlibrary.AssertionIfCondition -->
