<?xml version="1.0" encoding="UTF-8"?>
<!-- Generated by org.testng.reporters.JUnitReportReporter -->
<testsuite hostname="LAPTOP-LBV6CGVH" failures="0" tests="1" name="com.zoho.systemtesting.Campaigns" time="14.002" errors="0" timestamp="2023-01-17T10:42:17 IST" skipped="0">
  <testcase classname="com.zoho.systemtesting.Campaigns" name="createLeads" time="14.002"/>
  <system-out>
    <![CDATA[createdCampaigns]]>
  </system-out>
</testsuite> <!-- com.zoho.systemtesting.Campaigns -->
