<?xml version="1.0" encoding="UTF-8"?>
<!-- Generated by org.testng.reporters.JUnitReportReporter -->
<testsuite hostname="LAPTOP-LBV6CGVH" failures="0" tests="5" name="com.actitime.gerericlibrary.ProjectModule" time="0.025" errors="0" timestamp="2022-10-22T09:54:57 IST" skipped="0">
  <testcase classname="com.actitime.gerericlibrary.ProjectModule" name="createProject" time="0.003"/>
  <system-out>
    <![CDATA[createProject]]>
  </system-out>
  <testcase classname="com.actitime.gerericlibrary.ProjectModule" name="createProject" time="0.005"/>
  <system-out>
    <![CDATA[createProject]]>
  </system-out>
  <testcase classname="com.actitime.gerericlibrary.ProjectModule" name="createProject" time="0.010"/>
  <system-out>
    <![CDATA[createProject]]>
  </system-out>
  <testcase classname="com.actitime.gerericlibrary.ProjectModule" name="modifyProject" time="0.004"/>
  <system-out>
    <![CDATA[modifyProject]]>
  </system-out>
  <testcase classname="com.actitime.gerericlibrary.ProjectModule" name="deleteProject" time="0.003"/>
  <system-out>
    <![CDATA[deleteProject]]>
  </system-out>
</testsuite> <!-- com.actitime.gerericlibrary.ProjectModule -->
