<?xml version="1.0" encoding="UTF-8"?>
<!-- Generated by org.testng.reporters.JUnitReportReporter -->
<testsuite hostname="LAPTOP-LBV6CGVH" failures="0" tests="1" name="com.actitime.testscriptslibrary.CustomerModuleList" time="40.262" errors="0" timestamp="2022-10-29T16:35:52 IST" skipped="0">
  <testcase classname="com.actitime.testscriptslibrary.CustomerModuleList" name="createCustomer" time="40.262"/>
  <system-out>
    <![CDATA[createCustomer]]>
  </system-out>
</testsuite> <!-- com.actitime.testscriptslibrary.CustomerModuleList -->
