<?xml version="1.0" encoding="UTF-8"?>
<!-- Generated by org.testng.reporters.JUnitReportReporter -->
<testsuite hostname="LAPTOP-LBV6CGVH" failures="0" tests="1" name="com.zoho.systemtesting.Contacts" time="49.333" errors="0" timestamp="2023-01-17T10:42:17 IST" skipped="0">
  <testcase classname="com.zoho.systemtesting.Contacts" name="createLeads" time="49.333"/>
  <system-out>
    <![CDATA[createdContacts]]>
  </system-out>
</testsuite> <!-- com.zoho.systemtesting.Contacts -->
