<?xml version="1.0" encoding="UTF-8"?>
<!-- Generated by org.testng.reporters.JUnitReportReporter -->
<testsuite hostname="LAPTOP-LBV6CGVH" failures="0" tests="1" name="com.zoho.systemtesting.Accounts" time="23.669" errors="0" timestamp="2023-01-17T10:42:17 IST" skipped="0">
  <testcase classname="com.zoho.systemtesting.Accounts" name="createLeads" time="23.669"/>
  <system-out>
    <![CDATA[createdAccounts]]>
  </system-out>
</testsuite> <!-- com.zoho.systemtesting.Accounts -->
