<?xml version="1.0" encoding="UTF-8"?>
<!-- Generated by org.testng.reporters.JUnitReportReporter -->
<testsuite hostname="LAPTOP-LBV6CGVH" failures="0" tests="5" name="com.actitime.gerericlibrary.TaskModule" time="0.042" errors="0" timestamp="2022-10-22T09:54:57 IST" skipped="0">
  <testcase classname="com.actitime.gerericlibrary.TaskModule" name="createTask" time="0.003"/>
  <system-out>
    <![CDATA[createTask]]>
  </system-out>
  <testcase classname="com.actitime.gerericlibrary.TaskModule" name="createTask" time="0.007"/>
  <system-out>
    <![CDATA[createTask]]>
  </system-out>
  <testcase classname="com.actitime.gerericlibrary.TaskModule" name="createTask" time="0.016"/>
  <system-out>
    <![CDATA[createTask]]>
  </system-out>
  <testcase classname="com.actitime.gerericlibrary.TaskModule" name="deleteTask" time="0.004"/>
  <system-out>
    <![CDATA[deleteTask]]>
  </system-out>
  <testcase classname="com.actitime.gerericlibrary.TaskModule" name="modifyTask" time="0.012"/>
  <system-out>
    <![CDATA[modifyTask]]>
  </system-out>
</testsuite> <!-- com.actitime.gerericlibrary.TaskModule -->
